<?xml version="1.0" encoding="UTF-8"?>
<!-- Generated by org.testng.reporters.JUnitReportReporter -->
<testsuite hostname="DESKTOP-S14NVRK" failures="0" tests="1" name="com.testNitin.runner.FirstTest" time="0.000" errors="0" timestamp="2023-05-13T13:10:58 IST" skipped="1">
  <testcase classname="com.testNitin.runner.FirstTest" name="TestGoogle" time="0.000">
    <skipped/>
  </testcase> <!-- TestGoogle -->
  <system-out/>
</testsuite> <!-- com.testNitin.runner.FirstTest -->
